# JRE version: OpenJDK Runtime Environment Temurin-17.0.6+10 (17.0.6+10) (build 17.0.6+10)
# Java VM: OpenJDK 64-Bit Server VM Temurin-17.0.6+10 (17.0.6+10, mixed mode, tiered, compressed oops, compressed class ptrs, parallel gc, windows-amd64)
GC Precious Log:
 CPUs: 8 total, 8 available
 Memory: 8023M
 Large Page Support: Disabled
 NUMA Support: Disabled
 Compressed Oops: Enabled (32-bit)
 Alignments: Space 512K, Generation 512K, Heap 2M
 Heap Min Capacity: 100M
 Heap Initial Capacity: 100M
 Heap Max Capacity: 2G
 Pre-touch: Disabled
 Parallel Workers: 8
Heap:
 PSYoungGen      total 5120K, used 2479K [0x00000000d5580000, 0x00000000d5d80000, 0x0000000100000000)
  eden space 2560K, 0% used [0x00000000d5580000,0x00000000d5580000,0x00000000d5800000)
  from space 2560K, 96% used [0x00000000d5800000,0x00000000d5a6be00,0x00000000d5a80000)
  to   space 2560K, 0% used [0x00000000d5b00000,0x00000000d5b00000,0x00000000d5d80000)
 ParOldGen       total 209408K, used 208670K [0x0000000080000000, 0x000000008cc80000, 0x00000000d5580000)
  object space 209408K, 99% used [0x0000000080000000,0x000000008cbc7b90,0x000000008cc80000)
 Metaspace       used 100100K, committed 101312K, reserved 1146880K
  class space    used 10458K, committed 11008K, reserved 1048576K
GC Heap History (20 events):
Event: 5679.915 GC heap after
{Heap after GC invocations=15768 (full 380):
 PSYoungGen      total 3584K, used 2022K [0x00000000d5580000, 0x00000000d6100000, 0x0000000100000000)
  eden space 1536K, 0% used [0x00000000d5580000,0x00000000d5580000,0x00000000d5700000)
  from space 2048K, 98% used [0x00000000d5b00000,0x00000000d5cf9828,0x00000000d5d00000)
  to   space 4096K, 0% used [0x00000000d5700000,0x00000000d5700000,0x00000000d5b00000)
 ParOldGen       total 209408K, used 196904K [0x0000000080000000, 0x000000008cc80000, 0x00000000d5580000)
  object space 209408K, 94% used [0x0000000080000000,0x000000008c04a308,0x000000008cc80000)
 Metaspace       used 100100K, committed 101312K, reserved 1146880K
  class space    used 10458K, committed 11008K, reserved 1048576K
}
Event: 5679.933 GC heap before
{Heap before GC invocations=15769 (full 380):
 PSYoungGen      total 3584K, used 3558K [0x00000000d5580000, 0x00000000d6100000, 0x0000000100000000)
  eden space 1536K, 100% used [0x00000000d5580000,0x00000000d5700000,0x00000000d5700000)
  from space 2048K, 98% used [0x00000000d5b00000,0x00000000d5cf9828,0x00000000d5d00000)
  to   space 4096K, 0% used [0x00000000d5700000,0x00000000d5700000,0x00000000d5b00000)
 ParOldGen       total 209408K, used 196904K [0x0000000080000000, 0x000000008cc80000, 0x00000000d5580000)
  object space 209408K, 94% used [0x0000000080000000,0x000000008c04a308,0x000000008cc80000)
 Metaspace       used 100100K, committed 101312K, reserved 1146880K
  class space    used 10458K, committed 11008K, reserved 1048576K
}
Event: 5679.936 GC heap after
{Heap after GC invocations=15769 (full 380):
 PSYoungGen      total 4608K, used 2822K [0x00000000d5580000, 0x00000000d5d00000, 0x0000000100000000)
  eden space 1536K, 0% used [0x00000000d5580000,0x00000000d5580000,0x00000000d5700000)
  from space 3072K, 91% used [0x00000000d5700000,0x00000000d59c1828,0x00000000d5a00000)
  to   space 3072K, 0% used [0x00000000d5a00000,0x00000000d5a00000,0x00000000d5d00000)
 ParOldGen       total 209408K, used 197680K [0x0000000080000000, 0x000000008cc80000, 0x00000000d5580000)
  object space 209408K, 94% used [0x0000000080000000,0x000000008c10c368,0x000000008cc80000)
 Metaspace       used 100100K, committed 101312K, reserved 1146880K
  class space    used 10458K, committed 11008K, reserved 1048576K
}
Event: 5679.946 GC heap before
{Heap before GC invocations=15770 (full 380):
 PSYoungGen      total 4608K, used 4358K [0x00000000d5580000, 0x00000000d5d00000, 0x0000000100000000)
  eden space 1536K, 100% used [0x00000000d5580000,0x00000000d5700000,0x00000000d5700000)
  from space 3072K, 91% used [0x00000000d5700000,0x00000000d59c1828,0x00000000d5a00000)
  to   space 3072K, 0% used [0x00000000d5a00000,0x00000000d5a00000,0x00000000d5d00000)
 ParOldGen       total 209408K, used 197680K [0x0000000080000000, 0x000000008cc80000, 0x00000000d5580000)
  object space 209408K, 94% used [0x0000000080000000,0x000000008c10c368,0x000000008cc80000)
 Metaspace       used 100100K, committed 101312K, reserved 1146880K
  class space    used 10458K, committed 11008K, reserved 1048576K
}
Event: 5679.951 GC heap after
{Heap after GC invocations=15770 (full 380):
 PSYoungGen      total 3584K, used 3046K [0x00000000d5580000, 0x00000000d6080000, 0x0000000100000000)
  eden space 512K, 0% used [0x00000000d5580000,0x00000000d5580000,0x00000000d5600000)
  from space 3072K, 99% used [0x00000000d5a00000,0x00000000d5cf9828,0x00000000d5d00000)
  to   space 4096K, 0% used [0x00000000d5600000,0x00000000d5600000,0x00000000d5a00000)
 ParOldGen       total 209408K, used 198904K [0x0000000080000000, 0x000000008cc80000, 0x00000000d5580000)
  object space 209408K, 94% used [0x0000000080000000,0x000000008c23e368,0x000000008cc80000)
 Metaspace       used 100100K, committed 101312K, reserved 1146880K
  class space    used 10458K, committed 11008K, reserved 1048576K
}
Event: 5679.953 GC heap before
{Heap before GC invocations=15771 (full 380):
 PSYoungGen      total 3584K, used 3558K [0x00000000d5580000, 0x00000000d6080000, 0x0000000100000000)
  eden space 512K, 99% used [0x00000000d5580000,0x00000000d55ffff8,0x00000000d5600000)
  from space 3072K, 99% used [0x00000000d5a00000,0x00000000d5cf9828,0x00000000d5d00000)
  to   space 4096K, 0% used [0x00000000d5600000,0x00000000d5600000,0x00000000d5a00000)
 ParOldGen       total 209408K, used 198904K [0x0000000080000000, 0x000000008cc80000, 0x00000000d5580000)
  object space 209408K, 94% used [0x0000000080000000,0x000000008c23e368,0x000000008cc80000)
 Metaspace       used 100100K, committed 101312K, reserved 1146880K
  class space    used 10458K, committed 11008K, reserved 1048576K
}
Event: 5679.959 GC heap after
{Heap after GC invocations=15771 (full 380):
 PSYoungGen      total 4608K, used 3462K [0x00000000d5580000, 0x00000000d5e80000, 0x0000000100000000)
  eden space 512K, 0% used [0x00000000d5580000,0x00000000d5580000,0x00000000d5600000)
  from space 4096K, 84% used [0x00000000d5600000,0x00000000d5961828,0x00000000d5a00000)
  to   space 4096K, 0% used [0x00000000d5a80000,0x00000000d5a80000,0x00000000d5e80000)
 ParOldGen       total 209408K, used 199080K [0x0000000080000000, 0x000000008cc80000, 0x00000000d5580000)
  object space 209408K, 95% used [0x0000000080000000,0x000000008c26a368,0x000000008cc80000)
 Metaspace       used 100100K, committed 101312K, reserved 1146880K
  class space    used 10458K, committed 11008K, reserved 1048576K
}
Event: 5679.965 GC heap before
{Heap before GC invocations=15772 (full 380):
 PSYoungGen      total 4608K, used 3974K [0x00000000d5580000, 0x00000000d5e80000, 0x0000000100000000)
  eden space 512K, 100% used [0x00000000d5580000,0x00000000d5600000,0x00000000d5600000)
  from space 4096K, 84% used [0x00000000d5600000,0x00000000d5961828,0x00000000d5a00000)
  to   space 4096K, 0% used [0x00000000d5a80000,0x00000000d5a80000,0x00000000d5e80000)
 ParOldGen       total 209408K, used 199080K [0x0000000080000000, 0x000000008cc80000, 0x00000000d5580000)
  object space 209408K, 95% used [0x0000000080000000,0x000000008c26a368,0x000000008cc80000)
 Metaspace       used 100100K, committed 101312K, reserved 1146880K
  class space    used 10458K, committed 11008K, reserved 1048576K
}
Event: 5679.971 GC heap after
{Heap after GC invocations=15772 (full 380):
 PSYoungGen      total 3072K, used 1984K [0x00000000d5580000, 0x00000000d5c80000, 0x0000000100000000)
  eden space 1024K, 0% used [0x00000000d5580000,0x00000000d5580000,0x00000000d5680000)
  from space 2048K, 96% used [0x00000000d5a80000,0x00000000d5c70000,0x00000000d5c80000)
  to   space 3072K, 0% used [0x00000000d5680000,0x00000000d5680000,0x00000000d5980000)
 ParOldGen       total 209408K, used 201054K [0x0000000080000000, 0x000000008cc80000, 0x00000000d5580000)
  object space 209408K, 96% used [0x0000000080000000,0x000000008c457b90,0x000000008cc80000)
 Metaspace       used 100100K, committed 101312K, reserved 1146880K
  class space    used 10458K, committed 11008K, reserved 1048576K
}
Event: 5679.976 GC heap before
{Heap before GC invocations=15773 (full 380):
 PSYoungGen      total 3072K, used 3008K [0x00000000d5580000, 0x00000000d5c80000, 0x0000000100000000)
  eden space 1024K, 100% used [0x00000000d5580000,0x00000000d5680000,0x00000000d5680000)
  from space 2048K, 96% used [0x00000000d5a80000,0x00000000d5c70000,0x00000000d5c80000)
  to   space 3072K, 0% used [0x00000000d5680000,0x00000000d5680000,0x00000000d5980000)
 ParOldGen       total 209408K, used 201054K [0x0000000080000000, 0x000000008cc80000, 0x00000000d5580000)
  object space 209408K, 96% used [0x0000000080000000,0x000000008c457b90,0x000000008cc80000)
 Metaspace       used 100100K, committed 101312K, reserved 1146880K
  class space    used 10458K, committed 11008K, reserved 1048576K
}
Event: 5679.984 GC heap after
{Heap after GC invocations=15773 (full 380):
 PSYoungGen      total 3072K, used 1568K [0x00000000d5580000, 0x00000000d5b00000, 0x0000000100000000)
  eden space 1024K, 0% used [0x00000000d5580000,0x00000000d5580000,0x00000000d5680000)
  from space 2048K, 76% used [0x00000000d5680000,0x00000000d5808000,0x00000000d5880000)
  to   space 2048K, 0% used [0x00000000d5900000,0x00000000d5900000,0x00000000d5b00000)
 ParOldGen       total 209408K, used 202526K [0x0000000080000000, 0x000000008cc80000, 0x00000000d5580000)
  object space 209408K, 96% used [0x0000000080000000,0x000000008c5c7b90,0x000000008cc80000)
 Metaspace       used 100100K, committed 101312K, reserved 1146880K
  class space    used 10458K, committed 11008K, reserved 1048576K
}
Event: 5679.989 GC heap before
{Heap before GC invocations=15774 (full 380):
 PSYoungGen      total 3072K, used 2592K [0x00000000d5580000, 0x00000000d5b00000, 0x0000000100000000)
  eden space 1024K, 100% used [0x00000000d5580000,0x00000000d5680000,0x00000000d5680000)
  from space 2048K, 76% used [0x00000000d5680000,0x00000000d5808000,0x00000000d5880000)
  to   space 2048K, 0% used [0x00000000d5900000,0x00000000d5900000,0x00000000d5b00000)
 ParOldGen       total 209408K, used 202526K [0x0000000080000000, 0x000000008cc80000, 0x00000000d5580000)
  object space 209408K, 96% used [0x0000000080000000,0x000000008c5c7b90,0x000000008cc80000)
 Metaspace       used 100100K, committed 101312K, reserved 1146880K
  class space    used 10458K, committed 11008K, reserved 1048576K
}
Event: 5679.994 GC heap after
{Heap after GC invocations=15774 (full 380):
 PSYoungGen      total 3072K, used 1120K [0x00000000d5580000, 0x00000000d5a80000, 0x0000000100000000)
  eden space 1536K, 0% used [0x00000000d5580000,0x00000000d5580000,0x00000000d5700000)
  from space 1536K, 72% used [0x00000000d5900000,0x00000000d5a18000,0x00000000d5a80000)
  to   space 1536K, 0% used [0x00000000d5780000,0x00000000d5780000,0x00000000d5900000)
 ParOldGen       total 209408K, used 204030K [0x0000000080000000, 0x000000008cc80000, 0x00000000d5580000)
  object space 209408K, 97% used [0x0000000080000000,0x000000008c73fb90,0x000000008cc80000)
 Metaspace       used 100100K, committed 101312K, reserved 1146880K
  class space    used 10458K, committed 11008K, reserved 1048576K
}
Event: 5680.006 GC heap before
{Heap before GC invocations=15775 (full 380):
 PSYoungGen      total 3072K, used 2656K [0x00000000d5580000, 0x00000000d5a80000, 0x0000000100000000)
  eden space 1536K, 100% used [0x00000000d5580000,0x00000000d5700000,0x00000000d5700000)
  from space 1536K, 72% used [0x00000000d5900000,0x00000000d5a18000,0x00000000d5a80000)
  to   space 1536K, 0% used [0x00000000d5780000,0x00000000d5780000,0x00000000d5900000)
 ParOldGen       total 209408K, used 204030K [0x0000000080000000, 0x000000008cc80000, 0x00000000d5580000)
  object space 209408K, 97% used [0x0000000080000000,0x000000008c73fb90,0x000000008cc80000)
 Metaspace       used 100100K, committed 101312K, reserved 1146880K
  class space    used 10458K, committed 11008K, reserved 1048576K
}
Event: 5680.012 GC heap after
{Heap after GC invocations=15775 (full 380):
 PSYoungGen      total 3584K, used 1536K [0x00000000d5580000, 0x00000000d5d80000, 0x0000000100000000)
  eden space 2048K, 0% used [0x00000000d5580000,0x00000000d5580000,0x00000000d5780000)
  from space 1536K, 100% used [0x00000000d5780000,0x00000000d5900000,0x00000000d5900000)
  to   space 3072K, 0% used [0x00000000d5a80000,0x00000000d5a80000,0x00000000d5d80000)
 ParOldGen       total 209408K, used 205070K [0x0000000080000000, 0x000000008cc80000, 0x00000000d5580000)
  object space 209408K, 97% used [0x0000000080000000,0x000000008c843b90,0x000000008cc80000)
 Metaspace       used 100100K, committed 101312K, reserved 1146880K
  class space    used 10458K, committed 11008K, reserved 1048576K
}
Event: 5680.028 GC heap before
{Heap before GC invocations=15776 (full 380):
 PSYoungGen      total 3584K, used 3584K [0x00000000d5580000, 0x00000000d5d80000, 0x0000000100000000)
  eden space 2048K, 100% used [0x00000000d5580000,0x00000000d5780000,0x00000000d5780000)
  from space 1536K, 100% used [0x00000000d5780000,0x00000000d5900000,0x00000000d5900000)
  to   space 3072K, 0% used [0x00000000d5a80000,0x00000000d5a80000,0x00000000d5d80000)
 ParOldGen       total 209408K, used 205070K [0x0000000080000000, 0x000000008cc80000, 0x00000000d5580000)
  object space 209408K, 97% used [0x0000000080000000,0x000000008c843b90,0x000000008cc80000)
 Metaspace       used 100100K, committed 101312K, reserved 1146880K
  class space    used 10458K, committed 11008K, reserved 1048576K
}
Event: 5680.035 GC heap after
{Heap after GC invocations=15776 (full 380):
 PSYoungGen      total 5120K, used 2176K [0x00000000d5580000, 0x00000000d5d00000, 0x0000000100000000)
  eden space 2560K, 0% used [0x00000000d5580000,0x00000000d5580000,0x00000000d5800000)
  from space 2560K, 85% used [0x00000000d5a80000,0x00000000d5ca0000,0x00000000d5d00000)
  to   space 2560K, 0% used [0x00000000d5800000,0x00000000d5800000,0x00000000d5a80000)
 ParOldGen       total 209408K, used 206598K [0x0000000080000000, 0x000000008cc80000, 0x00000000d5580000)
  object space 209408K, 98% used [0x0000000080000000,0x000000008c9c1b90,0x000000008cc80000)
 Metaspace       used 100100K, committed 101312K, reserved 1146880K
  class space    used 10458K, committed 11008K, reserved 1048576K
}
Event: 5680.055 GC heap before
{Heap before GC invocations=15777 (full 380):
 PSYoungGen      total 5120K, used 4729K [0x00000000d5580000, 0x00000000d5d00000, 0x0000000100000000)
  eden space 2560K, 99% used [0x00000000d5580000,0x00000000d57fe6a8,0x00000000d5800000)
  from space 2560K, 85% used [0x00000000d5a80000,0x00000000d5ca0000,0x00000000d5d00000)
  to   space 2560K, 0% used [0x00000000d5800000,0x00000000d5800000,0x00000000d5a80000)
 ParOldGen       total 209408K, used 206598K [0x0000000080000000, 0x000000008cc80000, 0x00000000d5580000)
  object space 209408K, 98% used [0x0000000080000000,0x000000008c9c1b90,0x000000008cc80000)
 Metaspace       used 100100K, committed 101312K, reserved 1146880K
  class space    used 10458K, committed 11008K, reserved 1048576K
}
Event: 5680.065 GC heap after
{Heap after GC invocations=15777 (full 380):
 PSYoungGen      total 5120K, used 2479K [0x00000000d5580000, 0x00000000d5d80000, 0x0000000100000000)
  eden space 2560K, 0% used [0x00000000d5580000,0x00000000d5580000,0x00000000d5800000)
  from space 2560K, 96% used [0x00000000d5800000,0x00000000d5a6be00,0x00000000d5a80000)
  to   space 2560K, 0% used [0x00000000d5b00000,0x00000000d5b00000,0x00000000d5d80000)
 ParOldGen       total 209408K, used 208670K [0x0000000080000000, 0x000000008cc80000, 0x00000000d5580000)
  object space 209408K, 99% used [0x0000000080000000,0x000000008cbc7b90,0x000000008cc80000)
 Metaspace       used 100100K, committed 101312K, reserved 1146880K
  class space    used 10458K, committed 11008K, reserved 1048576K
}
Event: 5680.066 GC heap before
{Heap before GC invocations=15778 (full 381):
 PSYoungGen      total 5120K, used 2479K [0x00000000d5580000, 0x00000000d5d80000, 0x0000000100000000)
  eden space 2560K, 0% used [0x00000000d5580000,0x00000000d5580000,0x00000000d5800000)
  from space 2560K, 96% used [0x00000000d5800000,0x00000000d5a6be00,0x00000000d5a80000)
  to   space 2560K, 0% used [0x00000000d5b00000,0x00000000d5b00000,0x00000000d5d80000)
 ParOldGen       total 209408K, used 208670K [0x0000000080000000, 0x000000008cc80000, 0x00000000d5580000)
  object space 209408K, 99% used [0x0000000080000000,0x000000008cbc7b90,0x000000008cc80000)
 Metaspace       used 100100K, committed 101312K, reserved 1146880K
  class space    used 10458K, committed 11008K, reserved 1048576K
}

